c:\users\norbe\desktop\studia\jipp\sem2\mfc-app\project-mfc\mydata\x64\debug\mydata.pch
c:\users\norbe\desktop\studia\jipp\sem2\mfc-app\project-mfc\mydata\x64\debug\vc143.pdb
c:\users\norbe\desktop\studia\jipp\sem2\mfc-app\project-mfc\mydata\x64\debug\vc143.idb
c:\users\norbe\desktop\studia\jipp\sem2\mfc-app\project-mfc\mydata\x64\debug\pch.obj
c:\users\norbe\desktop\studia\jipp\sem2\mfc-app\project-mfc\mydata\x64\debug\mydata.obj
c:\users\norbe\desktop\studia\jipp\sem2\mfc-app\exedbg64\mydata.dll
c:\users\norbe\desktop\studia\jipp\sem2\mfc-app\project-mfc\x64\debug\mydata.dll
c:\users\norbe\desktop\studia\jipp\sem2\mfc-app\project-mfc\x64\debug\mydata.pdb
c:\users\norbe\desktop\studia\jipp\sem2\mfc-app\project-mfc\mydata\x64\debug\mydata.res
c:\users\norbe\desktop\studia\jipp\sem2\mfc-app\project-mfc\x64\debug\mydata.lib
c:\users\norbe\desktop\studia\jipp\sem2\mfc-app\project-mfc\x64\debug\mydata.exp
c:\users\norbe\desktop\studia\jipp\sem2\mfc-app\project-mfc\mydata\x64\debug\mydata.ilk
c:\users\norbe\desktop\studia\jipp\sem2\mfc-app\project-mfc\mydata\x64\debug\mydata.tlog\cl.command.1.tlog
c:\users\norbe\desktop\studia\jipp\sem2\mfc-app\project-mfc\mydata\x64\debug\mydata.tlog\cl.items.tlog
c:\users\norbe\desktop\studia\jipp\sem2\mfc-app\project-mfc\mydata\x64\debug\mydata.tlog\cl.read.1.tlog
c:\users\norbe\desktop\studia\jipp\sem2\mfc-app\project-mfc\mydata\x64\debug\mydata.tlog\cl.write.1.tlog
c:\users\norbe\desktop\studia\jipp\sem2\mfc-app\project-mfc\mydata\x64\debug\mydata.tlog\custombuildstep.read.1u.tlog
c:\users\norbe\desktop\studia\jipp\sem2\mfc-app\project-mfc\mydata\x64\debug\mydata.tlog\custombuildstep.write.1u.tlog
c:\users\norbe\desktop\studia\jipp\sem2\mfc-app\project-mfc\mydata\x64\debug\mydata.tlog\link.command.1.tlog
c:\users\norbe\desktop\studia\jipp\sem2\mfc-app\project-mfc\mydata\x64\debug\mydata.tlog\link.read.1.tlog
c:\users\norbe\desktop\studia\jipp\sem2\mfc-app\project-mfc\mydata\x64\debug\mydata.tlog\link.secondary.1.tlog
c:\users\norbe\desktop\studia\jipp\sem2\mfc-app\project-mfc\mydata\x64\debug\mydata.tlog\link.write.1.tlog
c:\users\norbe\desktop\studia\jipp\sem2\mfc-app\project-mfc\mydata\x64\debug\mydata.tlog\rc.command.1.tlog
c:\users\norbe\desktop\studia\jipp\sem2\mfc-app\project-mfc\mydata\x64\debug\mydata.tlog\rc.read.1.tlog
c:\users\norbe\desktop\studia\jipp\sem2\mfc-app\project-mfc\mydata\x64\debug\mydata.tlog\rc.write.1.tlog
