c:\users\norbe\desktop\studia\jipp\sem2\mfc-app\project-mfc\except1\x64\debug\except1.pch
c:\users\norbe\desktop\studia\jipp\sem2\mfc-app\project-mfc\except1\x64\debug\vc143.pdb
c:\users\norbe\desktop\studia\jipp\sem2\mfc-app\project-mfc\except1\x64\debug\vc143.idb
c:\users\norbe\desktop\studia\jipp\sem2\mfc-app\project-mfc\except1\x64\debug\pch.obj
c:\users\norbe\desktop\studia\jipp\sem2\mfc-app\project-mfc\except1\x64\debug\except1.obj
c:\users\norbe\desktop\studia\jipp\sem2\mfc-app\exedbg64\except1.dll
c:\users\norbe\desktop\studia\jipp\sem2\mfc-app\project-mfc\x64\debug\except1.dll
c:\users\norbe\desktop\studia\jipp\sem2\mfc-app\project-mfc\x64\debug\except1.pdb
c:\users\norbe\desktop\studia\jipp\sem2\mfc-app\project-mfc\except1\x64\debug\except1.res
c:\users\norbe\desktop\studia\jipp\sem2\mfc-app\project-mfc\x64\debug\except1.lib
c:\users\norbe\desktop\studia\jipp\sem2\mfc-app\project-mfc\x64\debug\except1.exp
c:\users\norbe\desktop\studia\jipp\sem2\mfc-app\project-mfc\except1\x64\debug\except1.ilk
c:\users\norbe\desktop\studia\jipp\sem2\mfc-app\project-mfc\except1\x64\debug\except1.tlog\cl.command.1.tlog
c:\users\norbe\desktop\studia\jipp\sem2\mfc-app\project-mfc\except1\x64\debug\except1.tlog\cl.items.tlog
c:\users\norbe\desktop\studia\jipp\sem2\mfc-app\project-mfc\except1\x64\debug\except1.tlog\cl.read.1.tlog
c:\users\norbe\desktop\studia\jipp\sem2\mfc-app\project-mfc\except1\x64\debug\except1.tlog\cl.write.1.tlog
c:\users\norbe\desktop\studia\jipp\sem2\mfc-app\project-mfc\except1\x64\debug\except1.tlog\custombuildstep.read.1u.tlog
c:\users\norbe\desktop\studia\jipp\sem2\mfc-app\project-mfc\except1\x64\debug\except1.tlog\custombuildstep.write.1u.tlog
c:\users\norbe\desktop\studia\jipp\sem2\mfc-app\project-mfc\except1\x64\debug\except1.tlog\link.command.1.tlog
c:\users\norbe\desktop\studia\jipp\sem2\mfc-app\project-mfc\except1\x64\debug\except1.tlog\link.read.1.tlog
c:\users\norbe\desktop\studia\jipp\sem2\mfc-app\project-mfc\except1\x64\debug\except1.tlog\link.secondary.1.tlog
c:\users\norbe\desktop\studia\jipp\sem2\mfc-app\project-mfc\except1\x64\debug\except1.tlog\link.write.1.tlog
c:\users\norbe\desktop\studia\jipp\sem2\mfc-app\project-mfc\except1\x64\debug\except1.tlog\rc.command.1.tlog
c:\users\norbe\desktop\studia\jipp\sem2\mfc-app\project-mfc\except1\x64\debug\except1.tlog\rc.read.1.tlog
c:\users\norbe\desktop\studia\jipp\sem2\mfc-app\project-mfc\except1\x64\debug\except1.tlog\rc.write.1.tlog
