c:\users\norbe\desktop\studia\jipp\sem2\mfc-app\project-mfc\project-mfc\x64\debug\project-mfc.pch
c:\users\norbe\desktop\studia\jipp\sem2\mfc-app\project-mfc\project-mfc\x64\debug\vc143.pdb
c:\users\norbe\desktop\studia\jipp\sem2\mfc-app\project-mfc\project-mfc\x64\debug\vc143.idb
c:\users\norbe\desktop\studia\jipp\sem2\mfc-app\project-mfc\project-mfc\x64\debug\pch.obj
c:\users\norbe\desktop\studia\jipp\sem2\mfc-app\project-mfc\project-mfc\x64\debug\viewtree.obj
c:\users\norbe\desktop\studia\jipp\sem2\mfc-app\project-mfc\project-mfc\x64\debug\propertieswnd.obj
c:\users\norbe\desktop\studia\jipp\sem2\mfc-app\project-mfc\project-mfc\x64\debug\project-mfcview.obj
c:\users\norbe\desktop\studia\jipp\sem2\mfc-app\project-mfc\project-mfc\x64\debug\project-mfcdoc.obj
c:\users\norbe\desktop\studia\jipp\sem2\mfc-app\project-mfc\project-mfc\x64\debug\project-mfc.obj
c:\users\norbe\desktop\studia\jipp\sem2\mfc-app\project-mfc\project-mfc\x64\debug\outputwnd.obj
c:\users\norbe\desktop\studia\jipp\sem2\mfc-app\project-mfc\project-mfc\x64\debug\mainfrm.obj
c:\users\norbe\desktop\studia\jipp\sem2\mfc-app\project-mfc\project-mfc\x64\debug\inputdatadlg.obj
c:\users\norbe\desktop\studia\jipp\sem2\mfc-app\project-mfc\project-mfc\x64\debug\fileview.obj
c:\users\norbe\desktop\studia\jipp\sem2\mfc-app\project-mfc\project-mfc\x64\debug\classview.obj
c:\users\norbe\desktop\studia\jipp\sem2\mfc-app\project-mfc\project-mfc\x64\debug\cdialoginputdata.obj
c:\users\norbe\desktop\studia\jipp\sem2\mfc-app\exedbg64\project-mfc.exe
c:\users\norbe\desktop\studia\jipp\sem2\mfc-app\project-mfc\x64\debug\project-mfc.exe
c:\users\norbe\desktop\studia\jipp\sem2\mfc-app\project-mfc\x64\debug\project-mfc.pdb
c:\users\norbe\desktop\studia\jipp\sem2\mfc-app\project-mfc\project-mfc\x64\debug\projectmfc.res
c:\users\norbe\desktop\studia\jipp\sem2\mfc-app\project-mfc\project-mfc\x64\debug\project-mfc.ilk
c:\users\norbe\desktop\studia\jipp\sem2\mfc-app\project-mfc\project-mfc\x64\debug\project-mfc.tlog\cl.command.1.tlog
c:\users\norbe\desktop\studia\jipp\sem2\mfc-app\project-mfc\project-mfc\x64\debug\project-mfc.tlog\cl.items.tlog
c:\users\norbe\desktop\studia\jipp\sem2\mfc-app\project-mfc\project-mfc\x64\debug\project-mfc.tlog\cl.read.1.tlog
c:\users\norbe\desktop\studia\jipp\sem2\mfc-app\project-mfc\project-mfc\x64\debug\project-mfc.tlog\cl.write.1.tlog
c:\users\norbe\desktop\studia\jipp\sem2\mfc-app\project-mfc\project-mfc\x64\debug\project-mfc.tlog\custombuildstep.read.1u.tlog
c:\users\norbe\desktop\studia\jipp\sem2\mfc-app\project-mfc\project-mfc\x64\debug\project-mfc.tlog\custombuildstep.write.1u.tlog
c:\users\norbe\desktop\studia\jipp\sem2\mfc-app\project-mfc\project-mfc\x64\debug\project-mfc.tlog\link.command.1.tlog
c:\users\norbe\desktop\studia\jipp\sem2\mfc-app\project-mfc\project-mfc\x64\debug\project-mfc.tlog\link.read.1.tlog
c:\users\norbe\desktop\studia\jipp\sem2\mfc-app\project-mfc\project-mfc\x64\debug\project-mfc.tlog\link.secondary.1.tlog
c:\users\norbe\desktop\studia\jipp\sem2\mfc-app\project-mfc\project-mfc\x64\debug\project-mfc.tlog\link.write.1.tlog
c:\users\norbe\desktop\studia\jipp\sem2\mfc-app\project-mfc\project-mfc\x64\debug\project-mfc.tlog\rc.command.1.tlog
c:\users\norbe\desktop\studia\jipp\sem2\mfc-app\project-mfc\project-mfc\x64\debug\project-mfc.tlog\rc.read.1.tlog
c:\users\norbe\desktop\studia\jipp\sem2\mfc-app\project-mfc\project-mfc\x64\debug\project-mfc.tlog\rc.write.1.tlog
